\BOOKMARK [0][-]{chapter.1}{\376\377\0001\000\040\000B\000l\000u\000e\000t\000o\000o\000t\000h\000-\000T\000e\000r\000m\000i\000n\000a\000l}{}% 1
\BOOKMARK [1][-]{section.1.1}{\376\377\0001\000.\0001\000\040\000B\000l\000u\000e\000t\000o\000o\000t\000h\000\040\000l\000i\000b\000r\000a\000r\000y}{chapter.1}% 2
\BOOKMARK [0][-]{chapter.2}{\376\377\0002\000\040\000N\000a\000m\000e\000s\000p\000a\000c\000e\000\040\000I\000n\000d\000e\000x}{}% 3
\BOOKMARK [1][-]{section.2.1}{\376\377\0002\000.\0001\000\040\000P\000a\000c\000k\000a\000g\000e\000s}{chapter.2}% 4
\BOOKMARK [0][-]{chapter.3}{\376\377\0003\000\040\000H\000i\000e\000r\000a\000r\000c\000h\000i\000c\000a\000l\000\040\000I\000n\000d\000e\000x}{}% 5
\BOOKMARK [1][-]{section.3.1}{\376\377\0003\000.\0001\000\040\000C\000l\000a\000s\000s\000\040\000H\000i\000e\000r\000a\000r\000c\000h\000y}{chapter.3}% 6
\BOOKMARK [0][-]{chapter.4}{\376\377\0004\000\040\000C\000l\000a\000s\000s\000\040\000I\000n\000d\000e\000x}{}% 7
\BOOKMARK [1][-]{section.4.1}{\376\377\0004\000.\0001\000\040\000C\000l\000a\000s\000s\000\040\000L\000i\000s\000t}{chapter.4}% 8
\BOOKMARK [0][-]{chapter.5}{\376\377\0005\000\040\000F\000i\000l\000e\000\040\000I\000n\000d\000e\000x}{}% 9
\BOOKMARK [1][-]{section.5.1}{\376\377\0005\000.\0001\000\040\000F\000i\000l\000e\000\040\000L\000i\000s\000t}{chapter.5}% 10
\BOOKMARK [0][-]{chapter.6}{\376\377\0006\000\040\000N\000a\000m\000e\000s\000p\000a\000c\000e\000\040\000D\000o\000c\000u\000m\000e\000n\000t\000a\000t\000i\000o\000n}{}% 11
\BOOKMARK [1][-]{section.6.1}{\376\377\0006\000.\0001\000\040\000P\000a\000c\000k\000a\000g\000e\000\040\000a\000n\000d\000r\000o\000i\000d}{chapter.6}% 12
\BOOKMARK [1][-]{section.6.2}{\376\377\0006\000.\0002\000\040\000P\000a\000c\000k\000a\000g\000e\000\040\000a\000n\000d\000r\000o\000i\000d\000.\000s\000u\000p\000p\000o\000r\000t}{chapter.6}% 13
\BOOKMARK [1][-]{section.6.3}{\376\377\0006\000.\0003\000\040\000P\000a\000c\000k\000a\000g\000e\000\040\000a\000n\000d\000r\000o\000i\000d\000.\000s\000u\000p\000p\000o\000r\000t\000.\000g\000r\000a\000p\000h\000i\000c\000s}{chapter.6}% 14
\BOOKMARK [1][-]{section.6.4}{\376\377\0006\000.\0004\000\040\000P\000a\000c\000k\000a\000g\000e\000\040\000a\000n\000d\000r\000o\000i\000d\000.\000s\000u\000p\000p\000o\000r\000t\000.\000g\000r\000a\000p\000h\000i\000c\000s\000.\000d\000r\000a\000w\000a\000b\000l\000e}{chapter.6}% 15
\BOOKMARK [1][-]{section.6.5}{\376\377\0006\000.\0005\000\040\000P\000a\000c\000k\000a\000g\000e\000\040\000a\000n\000d\000r\000o\000i\000d\000.\000s\000u\000p\000p\000o\000r\000t\000.\000g\000r\000a\000p\000h\000i\000c\000s\000.\000d\000r\000a\000w\000a\000b\000l\000e\000.\000a\000n\000i\000m\000a\000t\000e\000d}{chapter.6}% 16
\BOOKMARK [1][-]{section.6.6}{\376\377\0006\000.\0006\000\040\000P\000a\000c\000k\000a\000g\000e\000\040\000a\000n\000d\000r\000o\000i\000d\000.\000s\000u\000p\000p\000o\000r\000t\000.\000v\0004}{chapter.6}% 17
\BOOKMARK [1][-]{section.6.7}{\376\377\0006\000.\0007\000\040\000P\000a\000c\000k\000a\000g\000e\000\040\000a\000n\000d\000r\000o\000i\000d\000.\000s\000u\000p\000p\000o\000r\000t\000.\000v\0007}{chapter.6}% 18
\BOOKMARK [1][-]{section.6.8}{\376\377\0006\000.\0008\000\040\000P\000a\000c\000k\000a\000g\000e\000\040\000a\000n\000d\000r\000o\000i\000d\000.\000s\000u\000p\000p\000o\000r\000t\000.\000v\0007\000.\000a\000p\000p\000c\000o\000m\000p\000a\000t}{chapter.6}% 19
\BOOKMARK [1][-]{section.6.9}{\376\377\0006\000.\0009\000\040\000P\000a\000c\000k\000a\000g\000e\000\040\000c\000o\000m}{chapter.6}% 20
\BOOKMARK [1][-]{section.6.10}{\376\377\0006\000.\0001\0000\000\040\000P\000a\000c\000k\000a\000g\000e\000\040\000c\000o\000m\000.\000t\000o\000r\000i\000j\000a\000n\000o}{chapter.6}% 21
\BOOKMARK [1][-]{section.6.11}{\376\377\0006\000.\0001\0001\000\040\000P\000a\000c\000k\000a\000g\000e\000\040\000c\000o\000m\000.\000t\000o\000r\000i\000j\000a\000n\000o\000.\000a\000u\000t\000o\000s\000u\000l\000i\000v\000a\000n\000s\000F\000e\000e\000d\000e\000r}{chapter.6}% 22
\BOOKMARK [1][-]{section.6.12}{\376\377\0006\000.\0001\0002\000\040\000P\000a\000c\000k\000a\000g\000e\000\040\000c\000o\000m\000.\000t\000o\000r\000i\000j\000a\000n\000o\000.\000a\000u\000t\000o\000s\000u\000l\000i\000v\000a\000n\000s\000F\000e\000e\000d\000e\000r\000.\000t\000e\000s\000t}{chapter.6}% 23
\BOOKMARK [2][-]{subsection.6.12.1}{\376\377\0006\000.\0001\0002\000.\0001\000\040\000D\000e\000t\000a\000i\000l\000e\000d\000\040\000D\000e\000s\000c\000r\000i\000p\000t\000i\000o\000n}{section.6.12}% 24
\BOOKMARK [1][-]{section.6.13}{\376\377\0006\000.\0001\0003\000\040\000P\000a\000c\000k\000a\000g\000e\000\040\000m\000e}{chapter.6}% 25
\BOOKMARK [1][-]{section.6.14}{\376\377\0006\000.\0001\0004\000\040\000P\000a\000c\000k\000a\000g\000e\000\040\000m\000e\000.\000a\000f\000l\000a\000k}{chapter.6}% 26
\BOOKMARK [1][-]{section.6.15}{\376\377\0006\000.\0001\0005\000\040\000P\000a\000c\000k\000a\000g\000e\000\040\000m\000e\000.\000a\000f\000l\000a\000k\000.\000b\000l\000u\000e\000t\000o\000o\000t\000h\000\137\000l\000i\000b\000r\000a\000r\000y}{chapter.6}% 27
\BOOKMARK [1][-]{section.6.16}{\376\377\0006\000.\0001\0006\000\040\000P\000a\000c\000k\000a\000g\000e\000\040\000m\000e\000.\000a\000f\000l\000a\000k\000.\000b\000l\000u\000e\000t\000o\000o\000t\000h\000t\000e\000r\000m\000i\000n\000a\000l}{chapter.6}% 28
\BOOKMARK [2][-]{subsection.6.16.1}{\376\377\0006\000.\0001\0006\000.\0001\000\040\000D\000e\000t\000a\000i\000l\000e\000d\000\040\000D\000e\000s\000c\000r\000i\000p\000t\000i\000o\000n}{section.6.16}% 29
\BOOKMARK [1][-]{section.6.17}{\376\377\0006\000.\0001\0007\000\040\000P\000a\000c\000k\000a\000g\000e\000\040\000m\000e\000.\000a\000f\000l\000a\000k\000.\000p\000u\000l\000l\000t\000o\000r\000e\000f\000r\000e\000s\000h}{chapter.6}% 30
\BOOKMARK [0][-]{chapter.7}{\376\377\0007\000\040\000C\000l\000a\000s\000s\000\040\000D\000o\000c\000u\000m\000e\000n\000t\000a\000t\000i\000o\000n}{}% 31
\BOOKMARK [1][-]{section.7.1}{\376\377\0007\000.\0001\000\040\000c\000o\000m\000.\000t\000o\000r\000i\000j\000a\000n\000o\000.\000a\000u\000t\000o\000s\000u\000l\000i\000v\000a\000n\000s\000F\000e\000e\000d\000e\000r\000.\000t\000e\000s\000t\000.\000B\000u\000i\000l\000d\000C\000o\000n\000f\000i\000g\000\040\000C\000l\000a\000s\000s\000\040\000R\000e\000f\000e\000r\000e\000n\000c\000e}{chapter.7}% 32
\BOOKMARK [2][-]{subsection.7.1.1}{\376\377\0007\000.\0001\000.\0001\000\040\000D\000e\000t\000a\000i\000l\000e\000d\000\040\000D\000e\000s\000c\000r\000i\000p\000t\000i\000o\000n}{section.7.1}% 33
\BOOKMARK [2][-]{subsection.7.1.2}{\376\377\0007\000.\0001\000.\0002\000\040\000M\000e\000m\000b\000e\000r\000\040\000D\000a\000t\000a\000\040\000D\000o\000c\000u\000m\000e\000n\000t\000a\000t\000i\000o\000n}{section.7.1}% 34
\BOOKMARK [3][-]{subsubsection.7.1.2.1}{\376\377\0007\000.\0001\000.\0002\000.\0001\000\040\000A\000P\000P\000L\000I\000C\000A\000T\000I\000O\000N\000\137\000I\000D}{subsection.7.1.2}% 35
\BOOKMARK [3][-]{subsubsection.7.1.2.2}{\376\377\0007\000.\0001\000.\0002\000.\0002\000\040\000B\000U\000I\000L\000D\000\137\000T\000Y\000P\000E}{subsection.7.1.2}% 36
\BOOKMARK [3][-]{subsubsection.7.1.2.3}{\376\377\0007\000.\0001\000.\0002\000.\0003\000\040\000D\000E\000B\000U\000G}{subsection.7.1.2}% 37
\BOOKMARK [3][-]{subsubsection.7.1.2.4}{\376\377\0007\000.\0001\000.\0002\000.\0004\000\040\000F\000L\000A\000V\000O\000R}{subsection.7.1.2}% 38
\BOOKMARK [3][-]{subsubsection.7.1.2.5}{\376\377\0007\000.\0001\000.\0002\000.\0005\000\040\000V\000E\000R\000S\000I\000O\000N\000\137\000C\000O\000D\000E}{subsection.7.1.2}% 39
\BOOKMARK [3][-]{subsubsection.7.1.2.6}{\376\377\0007\000.\0001\000.\0002\000.\0006\000\040\000V\000E\000R\000S\000I\000O\000N\000\137\000N\000A\000M\000E}{subsection.7.1.2}% 40
\BOOKMARK [1][-]{section.7.2}{\376\377\0007\000.\0002\000\040\000m\000e\000.\000a\000f\000l\000a\000k\000.\000b\000l\000u\000e\000t\000o\000o\000t\000h\000t\000e\000r\000m\000i\000n\000a\000l\000.\000B\000u\000i\000l\000d\000C\000o\000n\000f\000i\000g\000\040\000C\000l\000a\000s\000s\000\040\000R\000e\000f\000e\000r\000e\000n\000c\000e}{chapter.7}% 41
\BOOKMARK [2][-]{subsection.7.2.1}{\376\377\0007\000.\0002\000.\0001\000\040\000D\000e\000t\000a\000i\000l\000e\000d\000\040\000D\000e\000s\000c\000r\000i\000p\000t\000i\000o\000n}{section.7.2}% 42
\BOOKMARK [2][-]{subsection.7.2.2}{\376\377\0007\000.\0002\000.\0002\000\040\000M\000e\000m\000b\000e\000r\000\040\000D\000a\000t\000a\000\040\000D\000o\000c\000u\000m\000e\000n\000t\000a\000t\000i\000o\000n}{section.7.2}% 43
\BOOKMARK [3][-]{subsubsection.7.2.2.1}{\376\377\0007\000.\0002\000.\0002\000.\0001\000\040\000A\000P\000P\000L\000I\000C\000A\000T\000I\000O\000N\000\137\000I\000D}{subsection.7.2.2}% 44
\BOOKMARK [3][-]{subsubsection.7.2.2.2}{\376\377\0007\000.\0002\000.\0002\000.\0002\000\040\000B\000U\000I\000L\000D\000\137\000T\000Y\000P\000E}{subsection.7.2.2}% 45
\BOOKMARK [3][-]{subsubsection.7.2.2.3}{\376\377\0007\000.\0002\000.\0002\000.\0003\000\040\000D\000E\000B\000U\000G}{subsection.7.2.2}% 46
\BOOKMARK [3][-]{subsubsection.7.2.2.4}{\376\377\0007\000.\0002\000.\0002\000.\0004\000\040\000F\000L\000A\000V\000O\000R}{subsection.7.2.2}% 47
\BOOKMARK [3][-]{subsubsection.7.2.2.5}{\376\377\0007\000.\0002\000.\0002\000.\0005\000\040\000V\000E\000R\000S\000I\000O\000N\000\137\000C\000O\000D\000E}{subsection.7.2.2}% 48
\BOOKMARK [3][-]{subsubsection.7.2.2.6}{\376\377\0007\000.\0002\000.\0002\000.\0006\000\040\000V\000E\000R\000S\000I\000O\000N\000\137\000N\000A\000M\000E}{subsection.7.2.2}% 49
\BOOKMARK [1][-]{section.7.3}{\376\377\0007\000.\0003\000\040\000m\000e\000.\000a\000f\000l\000a\000k\000.\000b\000l\000u\000e\000t\000o\000o\000t\000h\000t\000e\000r\000m\000i\000n\000a\000l\000.\000C\000h\000a\000t\000\040\000C\000l\000a\000s\000s\000\040\000R\000e\000f\000e\000r\000e\000n\000c\000e}{chapter.7}% 50
\BOOKMARK [2][-]{subsection.7.3.1}{\376\377\0007\000.\0003\000.\0001\000\040\000D\000e\000t\000a\000i\000l\000e\000d\000\040\000D\000e\000s\000c\000r\000i\000p\000t\000i\000o\000n}{section.7.3}% 51
\BOOKMARK [2][-]{subsection.7.3.2}{\376\377\0007\000.\0003\000.\0002\000\040\000M\000e\000m\000b\000e\000r\000\040\000F\000u\000n\000c\000t\000i\000o\000n\000\040\000D\000o\000c\000u\000m\000e\000n\000t\000a\000t\000i\000o\000n}{section.7.3}% 52
\BOOKMARK [3][-]{subsubsection.7.3.2.1}{\376\377\0007\000.\0003\000.\0002\000.\0001\000\040\000D\000i\000s\000p\000l\000a\000y\000\050\000\051}{subsection.7.3.2}% 53
\BOOKMARK [3][-]{subsubsection.7.3.2.2}{\376\377\0007\000.\0003\000.\0002\000.\0002\000\040\000f\000i\000j\000a\000r\000P\000e\000s\000o\000\050\000\051}{subsection.7.3.2}% 54
\BOOKMARK [3][-]{subsubsection.7.3.2.3}{\376\377\0007\000.\0003\000.\0002\000.\0003\000\040\000h\000i\000d\000e\000K\000e\000y\000b\000o\000a\000r\000d\000\050\000\051}{subsection.7.3.2}% 55
\BOOKMARK [3][-]{subsubsection.7.3.2.4}{\376\377\0007\000.\0003\000.\0002\000.\0004\000\040\000o\000n\000B\000a\000c\000k\000P\000r\000e\000s\000s\000e\000d\000\050\000\051}{subsection.7.3.2}% 56
\BOOKMARK [3][-]{subsubsection.7.3.2.5}{\376\377\0007\000.\0003\000.\0002\000.\0005\000\040\000o\000n\000C\000o\000n\000n\000e\000c\000t\000\050\000\051}{subsection.7.3.2}% 57
\BOOKMARK [3][-]{subsubsection.7.3.2.6}{\376\377\0007\000.\0003\000.\0002\000.\0006\000\040\000o\000n\000C\000o\000n\000n\000e\000c\000t\000E\000r\000r\000o\000r\000\050\000\051}{subsection.7.3.2}% 58
\BOOKMARK [3][-]{subsubsection.7.3.2.7}{\376\377\0007\000.\0003\000.\0002\000.\0007\000\040\000o\000n\000C\000r\000e\000a\000t\000e\000\050\000\051}{subsection.7.3.2}% 59
\BOOKMARK [3][-]{subsubsection.7.3.2.8}{\376\377\0007\000.\0003\000.\0002\000.\0008\000\040\000o\000n\000C\000r\000e\000a\000t\000e\000O\000p\000t\000i\000o\000n\000s\000M\000e\000n\000u\000\050\000\051}{subsection.7.3.2}% 60
\BOOKMARK [3][-]{subsubsection.7.3.2.9}{\376\377\0007\000.\0003\000.\0002\000.\0009\000\040\000o\000n\000D\000a\000t\000e\000S\000e\000t\000\050\000\051}{subsection.7.3.2}% 61
\BOOKMARK [3][-]{subsubsection.7.3.2.10}{\376\377\0007\000.\0003\000.\0002\000.\0001\0000\000\040\000o\000n\000D\000e\000s\000t\000r\000o\000y\000\050\000\051}{subsection.7.3.2}% 62
\BOOKMARK [3][-]{subsubsection.7.3.2.11}{\376\377\0007\000.\0003\000.\0002\000.\0001\0001\000\040\000o\000n\000D\000i\000s\000c\000o\000n\000n\000e\000c\000t\000\050\000\051}{subsection.7.3.2}% 63
\BOOKMARK [3][-]{subsubsection.7.3.2.12}{\376\377\0007\000.\0003\000.\0002\000.\0001\0002\000\040\000o\000n\000E\000r\000r\000o\000r\000\050\000\051}{subsection.7.3.2}% 64
\BOOKMARK [3][-]{subsubsection.7.3.2.13}{\376\377\0007\000.\0003\000.\0002\000.\0001\0003\000\040\000o\000n\000M\000e\000s\000s\000a\000g\000e\000\050\000\051}{subsection.7.3.2}% 65
\BOOKMARK [3][-]{subsubsection.7.3.2.14}{\376\377\0007\000.\0003\000.\0002\000.\0001\0004\000\040\000o\000n\000O\000p\000t\000i\000o\000n\000s\000I\000t\000e\000m\000S\000e\000l\000e\000c\000t\000e\000d\000\050\000\051}{subsection.7.3.2}% 66
\BOOKMARK [2][-]{subsection.7.3.3}{\376\377\0007\000.\0003\000.\0003\000\040\000M\000e\000m\000b\000e\000r\000\040\000D\000a\000t\000a\000\040\000D\000o\000c\000u\000m\000e\000n\000t\000a\000t\000i\000o\000n}{section.7.3}% 67
\BOOKMARK [3][-]{subsubsection.7.3.3.1}{\376\377\0007\000.\0003\000.\0003\000.\0001\000\040\000c}{subsection.7.3.3}% 68
\BOOKMARK [1][-]{section.7.4}{\376\377\0007\000.\0004\000\040\000m\000e\000.\000a\000f\000l\000a\000k\000.\000b\000l\000u\000e\000t\000o\000o\000t\000h\000t\000e\000r\000m\000i\000n\000a\000l\000.\000R\000\040\000C\000l\000a\000s\000s\000\040\000R\000e\000f\000e\000r\000e\000n\000c\000e}{chapter.7}% 69
\BOOKMARK [2][-]{subsection.7.4.1}{\376\377\0007\000.\0004\000.\0001\000\040\000D\000e\000t\000a\000i\000l\000e\000d\000\040\000D\000e\000s\000c\000r\000i\000p\000t\000i\000o\000n}{section.7.4}% 70
\BOOKMARK [1][-]{section.7.5}{\376\377\0007\000.\0005\000\040\000m\000e\000.\000a\000f\000l\000a\000k\000.\000b\000l\000u\000e\000t\000o\000o\000t\000h\000\137\000l\000i\000b\000r\000a\000r\000y\000.\000R\000\040\000C\000l\000a\000s\000s\000\040\000R\000e\000f\000e\000r\000e\000n\000c\000e}{chapter.7}% 71
\BOOKMARK [2][-]{subsection.7.5.1}{\376\377\0007\000.\0005\000.\0001\000\040\000D\000e\000t\000a\000i\000l\000e\000d\000\040\000D\000e\000s\000c\000r\000i\000p\000t\000i\000o\000n}{section.7.5}% 72
\BOOKMARK [1][-]{section.7.6}{\376\377\0007\000.\0006\000\040\000a\000n\000d\000r\000o\000i\000d\000.\000s\000u\000p\000p\000o\000r\000t\000.\000g\000r\000a\000p\000h\000i\000c\000s\000.\000d\000r\000a\000w\000a\000b\000l\000e\000.\000a\000n\000i\000m\000a\000t\000e\000d\000.\000R\000\040\000C\000l\000a\000s\000s\000\040\000R\000e\000f\000e\000r\000e\000n\000c\000e}{chapter.7}% 73
\BOOKMARK [2][-]{subsection.7.6.1}{\376\377\0007\000.\0006\000.\0001\000\040\000D\000e\000t\000a\000i\000l\000e\000d\000\040\000D\000e\000s\000c\000r\000i\000p\000t\000i\000o\000n}{section.7.6}% 74
\BOOKMARK [1][-]{section.7.7}{\376\377\0007\000.\0007\000\040\000m\000e\000.\000a\000f\000l\000a\000k\000.\000p\000u\000l\000l\000t\000o\000r\000e\000f\000r\000e\000s\000h\000.\000R\000\040\000C\000l\000a\000s\000s\000\040\000R\000e\000f\000e\000r\000e\000n\000c\000e}{chapter.7}% 75
\BOOKMARK [2][-]{subsection.7.7.1}{\376\377\0007\000.\0007\000.\0001\000\040\000D\000e\000t\000a\000i\000l\000e\000d\000\040\000D\000e\000s\000c\000r\000i\000p\000t\000i\000o\000n}{section.7.7}% 76
\BOOKMARK [1][-]{section.7.8}{\376\377\0007\000.\0008\000\040\000a\000n\000d\000r\000o\000i\000d\000.\000s\000u\000p\000p\000o\000r\000t\000.\000g\000r\000a\000p\000h\000i\000c\000s\000.\000d\000r\000a\000w\000a\000b\000l\000e\000.\000R\000\040\000C\000l\000a\000s\000s\000\040\000R\000e\000f\000e\000r\000e\000n\000c\000e}{chapter.7}% 77
\BOOKMARK [2][-]{subsection.7.8.1}{\376\377\0007\000.\0008\000.\0001\000\040\000D\000e\000t\000a\000i\000l\000e\000d\000\040\000D\000e\000s\000c\000r\000i\000p\000t\000i\000o\000n}{section.7.8}% 78
\BOOKMARK [1][-]{section.7.9}{\376\377\0007\000.\0009\000\040\000a\000n\000d\000r\000o\000i\000d\000.\000s\000u\000p\000p\000o\000r\000t\000.\000v\0007\000.\000a\000p\000p\000c\000o\000m\000p\000a\000t\000.\000R\000\040\000C\000l\000a\000s\000s\000\040\000R\000e\000f\000e\000r\000e\000n\000c\000e}{chapter.7}% 79
\BOOKMARK [2][-]{subsection.7.9.1}{\376\377\0007\000.\0009\000.\0001\000\040\000D\000e\000t\000a\000i\000l\000e\000d\000\040\000D\000e\000s\000c\000r\000i\000p\000t\000i\000o\000n}{section.7.9}% 80
\BOOKMARK [1][-]{section.7.10}{\376\377\0007\000.\0001\0000\000\040\000a\000n\000d\000r\000o\000i\000d\000.\000s\000u\000p\000p\000o\000r\000t\000.\000v\0004\000.\000R\000\040\000C\000l\000a\000s\000s\000\040\000R\000e\000f\000e\000r\000e\000n\000c\000e}{chapter.7}% 81
\BOOKMARK [2][-]{subsection.7.10.1}{\376\377\0007\000.\0001\0000\000.\0001\000\040\000D\000e\000t\000a\000i\000l\000e\000d\000\040\000D\000e\000s\000c\000r\000i\000p\000t\000i\000o\000n}{section.7.10}% 82
\BOOKMARK [1][-]{section.7.11}{\376\377\0007\000.\0001\0001\000\040\000m\000e\000.\000a\000f\000l\000a\000k\000.\000b\000l\000u\000e\000t\000o\000o\000t\000h\000t\000e\000r\000m\000i\000n\000a\000l\000.\000S\000c\000a\000n\000\040\000C\000l\000a\000s\000s\000\040\000R\000e\000f\000e\000r\000e\000n\000c\000e}{chapter.7}% 83
\BOOKMARK [2][-]{subsection.7.11.1}{\376\377\0007\000.\0001\0001\000.\0001\000\040\000D\000e\000t\000a\000i\000l\000e\000d\000\040\000D\000e\000s\000c\000r\000i\000p\000t\000i\000o\000n}{section.7.11}% 84
\BOOKMARK [2][-]{subsection.7.11.2}{\376\377\0007\000.\0001\0001\000.\0002\000\040\000M\000e\000m\000b\000e\000r\000\040\000F\000u\000n\000c\000t\000i\000o\000n\000\040\000D\000o\000c\000u\000m\000e\000n\000t\000a\000t\000i\000o\000n}{section.7.11}% 85
\BOOKMARK [3][-]{subsubsection.7.11.2.1}{\376\377\0007\000.\0001\0001\000.\0002\000.\0001\000\040\000o\000n\000C\000r\000e\000a\000t\000e\000\050\000\051}{subsection.7.11.2}% 86
\BOOKMARK [3][-]{subsubsection.7.11.2.2}{\376\377\0007\000.\0001\0001\000.\0002\000.\0002\000\040\000o\000n\000D\000e\000v\000i\000c\000e\000\050\000\051}{subsection.7.11.2}% 87
\BOOKMARK [3][-]{subsubsection.7.11.2.3}{\376\377\0007\000.\0001\0001\000.\0002\000.\0003\000\040\000o\000n\000E\000r\000r\000o\000r\000\050\000\051}{subsection.7.11.2}% 88
\BOOKMARK [3][-]{subsubsection.7.11.2.4}{\376\377\0007\000.\0001\0001\000.\0002\000.\0004\000\040\000o\000n\000F\000i\000n\000i\000s\000h\000\050\000\051}{subsection.7.11.2}% 89
\BOOKMARK [3][-]{subsubsection.7.11.2.5}{\376\377\0007\000.\0001\0001\000.\0002\000.\0005\000\040\000o\000n\000I\000t\000e\000m\000C\000l\000i\000c\000k\000\050\000\051}{subsection.7.11.2}% 90
\BOOKMARK [3][-]{subsubsection.7.11.2.6}{\376\377\0007\000.\0001\0001\000.\0002\000.\0006\000\040\000o\000n\000P\000a\000i\000r\000\050\000\051}{subsection.7.11.2}% 91
\BOOKMARK [3][-]{subsubsection.7.11.2.7}{\376\377\0007\000.\0001\0001\000.\0002\000.\0007\000\040\000o\000n\000U\000n\000p\000a\000i\000r\000\050\000\051}{subsection.7.11.2}% 92
\BOOKMARK [1][-]{section.7.12}{\376\377\0007\000.\0001\0002\000\040\000m\000e\000.\000a\000f\000l\000a\000k\000.\000b\000l\000u\000e\000t\000o\000o\000t\000h\000t\000e\000r\000m\000i\000n\000a\000l\000.\000S\000e\000l\000e\000c\000t\000\040\000C\000l\000a\000s\000s\000\040\000R\000e\000f\000e\000r\000e\000n\000c\000e}{chapter.7}% 93
\BOOKMARK [2][-]{subsection.7.12.1}{\376\377\0007\000.\0001\0002\000.\0001\000\040\000D\000e\000t\000a\000i\000l\000e\000d\000\040\000D\000e\000s\000c\000r\000i\000p\000t\000i\000o\000n}{section.7.12}% 94
\BOOKMARK [2][-]{subsection.7.12.2}{\376\377\0007\000.\0001\0002\000.\0002\000\040\000M\000e\000m\000b\000e\000r\000\040\000F\000u\000n\000c\000t\000i\000o\000n\000\040\000D\000o\000c\000u\000m\000e\000n\000t\000a\000t\000i\000o\000n}{section.7.12}% 95
\BOOKMARK [3][-]{subsubsection.7.12.2.1}{\376\377\0007\000.\0001\0002\000.\0002\000.\0001\000\040\000o\000n\000C\000r\000e\000a\000t\000e\000\050\000\051}{subsection.7.12.2}% 96
\BOOKMARK [3][-]{subsubsection.7.12.2.2}{\376\377\0007\000.\0001\0002\000.\0002\000.\0002\000\040\000o\000n\000D\000e\000s\000t\000r\000o\000y\000\050\000\051}{subsection.7.12.2}% 97
\BOOKMARK [3][-]{subsubsection.7.12.2.3}{\376\377\0007\000.\0001\0002\000.\0002\000.\0003\000\040\000o\000n\000R\000e\000f\000r\000e\000s\000h\000\050\000\051}{subsection.7.12.2}% 98
\BOOKMARK [0][-]{chapter.8}{\376\377\0008\000\040\000F\000i\000l\000e\000\040\000D\000o\000c\000u\000m\000e\000n\000t\000a\000t\000i\000o\000n}{}% 99
\BOOKMARK [1][-]{section.8.1}{\376\377\0008\000.\0001\000\040\000E\000:\000/\000T\000F\000G\000/\000a\000p\000p\000A\000n\000d\000r\000o\000i\000d\000/\000a\000u\000t\000o\000s\000u\000l\000i\000v\000a\000n\000s\000F\000e\000e\000d\000e\000r\000A\000p\000p\000/\000a\000p\000p\000/\000b\000u\000i\000l\000d\000/\000g\000e\000n\000e\000r\000a\000t\000e\000d\000/\000n\000o\000t\000\137\000n\000a\000m\000e\000s\000p\000a\000c\000e\000d\000\137\000r\000\137\000c\000l\000a\000s\000s\000\137\000s\000o\000u\000r\000c\000e\000s\000/\000d\000e\000b\000u\000g\000/\000r\000/\000a\000n\000d\000r\000o\000i\000d\000/\000s\000u\000p\000p\000o\000r\000t\000/\000g\000r\000a\000p\000h\000i\000c\000s\000/\000d\000r\000a\000w\000a\000b\000l\000e\000/\000a\000n\000i\000m\000a\000t\000e\000d\000/\000R\000.\000j\000a\000v\000a\000\040\000F\000i\000l\000e\000\040\000R\000e\000f\000e\000r\000e\000n\000c\000e}{chapter.8}% 100
\BOOKMARK [1][-]{section.8.2}{\376\377\0008\000.\0002\000\040\000E\000:\000/\000T\000F\000G\000/\000a\000p\000p\000A\000n\000d\000r\000o\000i\000d\000/\000a\000u\000t\000o\000s\000u\000l\000i\000v\000a\000n\000s\000F\000e\000e\000d\000e\000r\000A\000p\000p\000/\000a\000p\000p\000/\000b\000u\000i\000l\000d\000/\000g\000e\000n\000e\000r\000a\000t\000e\000d\000/\000n\000o\000t\000\137\000n\000a\000m\000e\000s\000p\000a\000c\000e\000d\000\137\000r\000\137\000c\000l\000a\000s\000s\000\137\000s\000o\000u\000r\000c\000e\000s\000/\000d\000e\000b\000u\000g\000/\000r\000/\000a\000n\000d\000r\000o\000i\000d\000/\000s\000u\000p\000p\000o\000r\000t\000/\000g\000r\000a\000p\000h\000i\000c\000s\000/\000d\000r\000a\000w\000a\000b\000l\000e\000/\000R\000.\000j\000a\000v\000a\000\040\000F\000i\000l\000e\000\040\000R\000e\000f\000e\000r\000e\000n\000c\000e}{chapter.8}% 101
\BOOKMARK [1][-]{section.8.3}{\376\377\0008\000.\0003\000\040\000E\000:\000/\000T\000F\000G\000/\000a\000p\000p\000A\000n\000d\000r\000o\000i\000d\000/\000a\000u\000t\000o\000s\000u\000l\000i\000v\000a\000n\000s\000F\000e\000e\000d\000e\000r\000A\000p\000p\000/\000a\000p\000p\000/\000b\000u\000i\000l\000d\000/\000g\000e\000n\000e\000r\000a\000t\000e\000d\000/\000n\000o\000t\000\137\000n\000a\000m\000e\000s\000p\000a\000c\000e\000d\000\137\000r\000\137\000c\000l\000a\000s\000s\000\137\000s\000o\000u\000r\000c\000e\000s\000/\000d\000e\000b\000u\000g\000/\000r\000/\000a\000n\000d\000r\000o\000i\000d\000/\000s\000u\000p\000p\000o\000r\000t\000/\000v\0004\000/\000R\000.\000j\000a\000v\000a\000\040\000F\000i\000l\000e\000\040\000R\000e\000f\000e\000r\000e\000n\000c\000e}{chapter.8}% 102
\BOOKMARK [1][-]{section.8.4}{\376\377\0008\000.\0004\000\040\000E\000:\000/\000T\000F\000G\000/\000a\000p\000p\000A\000n\000d\000r\000o\000i\000d\000/\000a\000u\000t\000o\000s\000u\000l\000i\000v\000a\000n\000s\000F\000e\000e\000d\000e\000r\000A\000p\000p\000/\000a\000p\000p\000/\000b\000u\000i\000l\000d\000/\000g\000e\000n\000e\000r\000a\000t\000e\000d\000/\000n\000o\000t\000\137\000n\000a\000m\000e\000s\000p\000a\000c\000e\000d\000\137\000r\000\137\000c\000l\000a\000s\000s\000\137\000s\000o\000u\000r\000c\000e\000s\000/\000d\000e\000b\000u\000g\000/\000r\000/\000a\000n\000d\000r\000o\000i\000d\000/\000s\000u\000p\000p\000o\000r\000t\000/\000v\0007\000/\000a\000p\000p\000c\000o\000m\000p\000a\000t\000/\000R\000.\000j\000a\000v\000a\000\040\000F\000i\000l\000e\000\040\000R\000e\000f\000e\000r\000e\000n\000c\000e}{chapter.8}% 103
\BOOKMARK [1][-]{section.8.5}{\376\377\0008\000.\0005\000\040\000E\000:\000/\000T\000F\000G\000/\000a\000p\000p\000A\000n\000d\000r\000o\000i\000d\000/\000a\000u\000t\000o\000s\000u\000l\000i\000v\000a\000n\000s\000F\000e\000e\000d\000e\000r\000A\000p\000p\000/\000a\000p\000p\000/\000b\000u\000i\000l\000d\000/\000g\000e\000n\000e\000r\000a\000t\000e\000d\000/\000n\000o\000t\000\137\000n\000a\000m\000e\000s\000p\000a\000c\000e\000d\000\137\000r\000\137\000c\000l\000a\000s\000s\000\137\000s\000o\000u\000r\000c\000e\000s\000/\000d\000e\000b\000u\000g\000/\000r\000/\000m\000e\000/\000a\000f\000l\000a\000k\000/\000b\000l\000u\000e\000t\000o\000o\000t\000h\000\137\000l\000i\000b\000r\000a\000r\000y\000/\000R\000.\000j\000a\000v\000a\000\040\000F\000i\000l\000e\000\040\000R\000e\000f\000e\000r\000e\000n\000c\000e}{chapter.8}% 104
\BOOKMARK [1][-]{section.8.6}{\376\377\0008\000.\0006\000\040\000E\000:\000/\000T\000F\000G\000/\000a\000p\000p\000A\000n\000d\000r\000o\000i\000d\000/\000a\000u\000t\000o\000s\000u\000l\000i\000v\000a\000n\000s\000F\000e\000e\000d\000e\000r\000A\000p\000p\000/\000a\000p\000p\000/\000b\000u\000i\000l\000d\000/\000g\000e\000n\000e\000r\000a\000t\000e\000d\000/\000n\000o\000t\000\137\000n\000a\000m\000e\000s\000p\000a\000c\000e\000d\000\137\000r\000\137\000c\000l\000a\000s\000s\000\137\000s\000o\000u\000r\000c\000e\000s\000/\000d\000e\000b\000u\000g\000/\000r\000/\000m\000e\000/\000a\000f\000l\000a\000k\000/\000b\000l\000u\000e\000t\000o\000o\000t\000h\000t\000e\000r\000m\000i\000n\000a\000l\000/\000R\000.\000j\000a\000v\000a\000\040\000F\000i\000l\000e\000\040\000R\000e\000f\000e\000r\000e\000n\000c\000e}{chapter.8}% 105
\BOOKMARK [1][-]{section.8.7}{\376\377\0008\000.\0007\000\040\000E\000:\000/\000T\000F\000G\000/\000a\000p\000p\000A\000n\000d\000r\000o\000i\000d\000/\000a\000u\000t\000o\000s\000u\000l\000i\000v\000a\000n\000s\000F\000e\000e\000d\000e\000r\000A\000p\000p\000/\000a\000p\000p\000/\000b\000u\000i\000l\000d\000/\000g\000e\000n\000e\000r\000a\000t\000e\000d\000/\000n\000o\000t\000\137\000n\000a\000m\000e\000s\000p\000a\000c\000e\000d\000\137\000r\000\137\000c\000l\000a\000s\000s\000\137\000s\000o\000u\000r\000c\000e\000s\000/\000d\000e\000b\000u\000g\000/\000r\000/\000m\000e\000/\000a\000f\000l\000a\000k\000/\000p\000u\000l\000l\000t\000o\000r\000e\000f\000r\000e\000s\000h\000/\000R\000.\000j\000a\000v\000a\000\040\000F\000i\000l\000e\000\040\000R\000e\000f\000e\000r\000e\000n\000c\000e}{chapter.8}% 106
\BOOKMARK [1][-]{section.8.8}{\376\377\0008\000.\0008\000\040\000E\000:\000/\000T\000F\000G\000/\000a\000p\000p\000A\000n\000d\000r\000o\000i\000d\000/\000a\000u\000t\000o\000s\000u\000l\000i\000v\000a\000n\000s\000F\000e\000e\000d\000e\000r\000A\000p\000p\000/\000a\000p\000p\000/\000b\000u\000i\000l\000d\000/\000g\000e\000n\000e\000r\000a\000t\000e\000d\000/\000s\000o\000u\000r\000c\000e\000/\000b\000u\000i\000l\000d\000C\000o\000n\000f\000i\000g\000/\000a\000n\000d\000r\000o\000i\000d\000T\000e\000s\000t\000/\000d\000e\000b\000u\000g\000/\000c\000o\000m\000/\000t\000o\000r\000i\000j\000a\000n\000o\000/\000a\000u\000t\000o\000s\000u\000l\000i\000v\000a\000n\000s\000F\000e\000e\000d\000e\000r\000/\000t\000e\000s\000t\000/\000B\000u\000i\000l\000d\000C\000o\000n\000f\000i\000g\000.\000j\000a\000v\000a\000\040\000F\000i\000l\000e\000\040\000R\000e\000f\000e\000r\000e\000n\000c\000e}{chapter.8}% 107
\BOOKMARK [1][-]{section.8.9}{\376\377\0008\000.\0009\000\040\000E\000:\000/\000T\000F\000G\000/\000a\000p\000p\000A\000n\000d\000r\000o\000i\000d\000/\000a\000u\000t\000o\000s\000u\000l\000i\000v\000a\000n\000s\000F\000e\000e\000d\000e\000r\000A\000p\000p\000/\000a\000p\000p\000/\000b\000u\000i\000l\000d\000/\000g\000e\000n\000e\000r\000a\000t\000e\000d\000/\000s\000o\000u\000r\000c\000e\000/\000b\000u\000i\000l\000d\000C\000o\000n\000f\000i\000g\000/\000d\000e\000b\000u\000g\000/\000m\000e\000/\000a\000f\000l\000a\000k\000/\000b\000l\000u\000e\000t\000o\000o\000t\000h\000t\000e\000r\000m\000i\000n\000a\000l\000/\000B\000u\000i\000l\000d\000C\000o\000n\000f\000i\000g\000.\000j\000a\000v\000a\000\040\000F\000i\000l\000e\000\040\000R\000e\000f\000e\000r\000e\000n\000c\000e}{chapter.8}% 108
\BOOKMARK [1][-]{section.8.10}{\376\377\0008\000.\0001\0000\000\040\000E\000:\000/\000T\000F\000G\000/\000a\000p\000p\000A\000n\000d\000r\000o\000i\000d\000/\000a\000u\000t\000o\000s\000u\000l\000i\000v\000a\000n\000s\000F\000e\000e\000d\000e\000r\000A\000p\000p\000/\000a\000p\000p\000/\000b\000u\000i\000l\000d\000/\000i\000n\000t\000e\000r\000m\000e\000d\000i\000a\000t\000e\000s\000/\000i\000n\000c\000r\000e\000m\000e\000n\000t\000a\000l\000/\000p\000a\000c\000k\000a\000g\000e\000D\000e\000b\000u\000g\000/\000t\000m\000p\000/\000d\000e\000b\000u\000g\000/\000d\000e\000x\000-\000r\000e\000n\000a\000m\000e\000r\000-\000s\000t\000a\000t\000e\000.\000t\000x\000t\000\040\000F\000i\000l\000e\000\040\000R\000e\000f\000e\000r\000e\000n\000c\000e}{chapter.8}% 109
\BOOKMARK [1][-]{section.8.11}{\376\377\0008\000.\0001\0001\000\040\000E\000:\000/\000T\000F\000G\000/\000a\000p\000p\000A\000n\000d\000r\000o\000i\000d\000/\000a\000u\000t\000o\000s\000u\000l\000i\000v\000a\000n\000s\000F\000e\000e\000d\000e\000r\000A\000p\000p\000/\000a\000p\000p\000/\000b\000u\000i\000l\000d\000/\000i\000n\000t\000e\000r\000m\000e\000d\000i\000a\000t\000e\000s\000/\000m\000a\000n\000i\000f\000e\000s\000t\000\137\000m\000e\000r\000g\000e\000\137\000b\000l\000a\000m\000e\000\137\000f\000i\000l\000e\000/\000d\000e\000b\000u\000g\000/\000m\000a\000n\000i\000f\000e\000s\000t\000-\000m\000e\000r\000g\000e\000r\000-\000b\000l\000a\000m\000e\000-\000d\000e\000b\000u\000g\000-\000r\000e\000p\000o\000r\000t\000.\000t\000x\000t\000\040\000F\000i\000l\000e\000\040\000R\000e\000f\000e\000r\000e\000n\000c\000e}{chapter.8}% 110
\BOOKMARK [1][-]{section.8.12}{\376\377\0008\000.\0001\0002\000\040\000E\000:\000/\000T\000F\000G\000/\000a\000p\000p\000A\000n\000d\000r\000o\000i\000d\000/\000a\000u\000t\000o\000s\000u\000l\000i\000v\000a\000n\000s\000F\000e\000e\000d\000e\000r\000A\000p\000p\000/\000a\000p\000p\000/\000b\000u\000i\000l\000d\000/\000i\000n\000t\000e\000r\000m\000e\000d\000i\000a\000t\000e\000s\000/\000r\000e\000s\000/\000s\000y\000m\000b\000o\000l\000-\000t\000a\000b\000l\000e\000-\000w\000i\000t\000h\000-\000p\000a\000c\000k\000a\000g\000e\000/\000d\000e\000b\000u\000g\000/\000p\000a\000c\000k\000a\000g\000e\000-\000a\000w\000a\000r\000e\000-\000r\000.\000t\000x\000t\000\040\000F\000i\000l\000e\000\040\000R\000e\000f\000e\000r\000e\000n\000c\000e}{chapter.8}% 111
\BOOKMARK [1][-]{section.8.13}{\376\377\0008\000.\0001\0003\000\040\000E\000:\000/\000T\000F\000G\000/\000a\000p\000p\000A\000n\000d\000r\000o\000i\000d\000/\000a\000u\000t\000o\000s\000u\000l\000i\000v\000a\000n\000s\000F\000e\000e\000d\000e\000r\000A\000p\000p\000/\000a\000p\000p\000/\000b\000u\000i\000l\000d\000/\000i\000n\000t\000e\000r\000m\000e\000d\000i\000a\000t\000e\000s\000/\000s\000y\000m\000b\000o\000l\000s\000/\000d\000e\000b\000u\000g\000/\000R\000.\000t\000x\000t\000\040\000F\000i\000l\000e\000\040\000R\000e\000f\000e\000r\000e\000n\000c\000e}{chapter.8}% 112
\BOOKMARK [1][-]{section.8.14}{\376\377\0008\000.\0001\0004\000\040\000E\000:\000/\000T\000F\000G\000/\000a\000p\000p\000A\000n\000d\000r\000o\000i\000d\000/\000a\000u\000t\000o\000s\000u\000l\000i\000v\000a\000n\000s\000F\000e\000e\000d\000e\000r\000A\000p\000p\000/\000a\000p\000p\000/\000b\000u\000i\000l\000d\000/\000o\000u\000t\000p\000u\000t\000s\000/\000l\000o\000g\000s\000/\000m\000a\000n\000i\000f\000e\000s\000t\000-\000m\000e\000r\000g\000e\000r\000-\000d\000e\000b\000u\000g\000-\000r\000e\000p\000o\000r\000t\000.\000t\000x\000t\000\040\000F\000i\000l\000e\000\040\000R\000e\000f\000e\000r\000e\000n\000c\000e}{chapter.8}% 113
\BOOKMARK [1][-]{section.8.15}{\376\377\0008\000.\0001\0005\000\040\000E\000:\000/\000T\000F\000G\000/\000a\000p\000p\000A\000n\000d\000r\000o\000i\000d\000/\000a\000u\000t\000o\000s\000u\000l\000i\000v\000a\000n\000s\000F\000e\000e\000d\000e\000r\000A\000p\000p\000/\000a\000p\000p\000/\000s\000r\000c\000/\000m\000a\000i\000n\000/\000j\000a\000v\000a\000/\000m\000e\000/\000a\000f\000l\000a\000k\000/\000b\000l\000u\000e\000t\000o\000o\000t\000h\000t\000e\000r\000m\000i\000n\000a\000l\000/\000C\000h\000a\000t\000.\000j\000a\000v\000a\000\040\000F\000i\000l\000e\000\040\000R\000e\000f\000e\000r\000e\000n\000c\000e}{chapter.8}% 114
\BOOKMARK [1][-]{section.8.16}{\376\377\0008\000.\0001\0006\000\040\000E\000:\000/\000T\000F\000G\000/\000a\000p\000p\000A\000n\000d\000r\000o\000i\000d\000/\000a\000u\000t\000o\000s\000u\000l\000i\000v\000a\000n\000s\000F\000e\000e\000d\000e\000r\000A\000p\000p\000/\000a\000p\000p\000/\000s\000r\000c\000/\000m\000a\000i\000n\000/\000j\000a\000v\000a\000/\000m\000e\000/\000a\000f\000l\000a\000k\000/\000b\000l\000u\000e\000t\000o\000o\000t\000h\000t\000e\000r\000m\000i\000n\000a\000l\000/\000S\000c\000a\000n\000.\000j\000a\000v\000a\000\040\000F\000i\000l\000e\000\040\000R\000e\000f\000e\000r\000e\000n\000c\000e}{chapter.8}% 115
\BOOKMARK [1][-]{section.8.17}{\376\377\0008\000.\0001\0007\000\040\000E\000:\000/\000T\000F\000G\000/\000a\000p\000p\000A\000n\000d\000r\000o\000i\000d\000/\000a\000u\000t\000o\000s\000u\000l\000i\000v\000a\000n\000s\000F\000e\000e\000d\000e\000r\000A\000p\000p\000/\000a\000p\000p\000/\000s\000r\000c\000/\000m\000a\000i\000n\000/\000j\000a\000v\000a\000/\000m\000e\000/\000a\000f\000l\000a\000k\000/\000b\000l\000u\000e\000t\000o\000o\000t\000h\000t\000e\000r\000m\000i\000n\000a\000l\000/\000S\000e\000l\000e\000c\000t\000.\000j\000a\000v\000a\000\040\000F\000i\000l\000e\000\040\000R\000e\000f\000e\000r\000e\000n\000c\000e}{chapter.8}% 116
\BOOKMARK [1][-]{section.8.18}{\376\377\0008\000.\0001\0008\000\040\000E\000:\000/\000T\000F\000G\000/\000a\000p\000p\000A\000n\000d\000r\000o\000i\000d\000/\000a\000u\000t\000o\000s\000u\000l\000i\000v\000a\000n\000s\000F\000e\000e\000d\000e\000r\000A\000p\000p\000/\000R\000E\000A\000D\000M\000E\000.\000m\000d\000\040\000F\000i\000l\000e\000\040\000R\000e\000f\000e\000r\000e\000n\000c\000e}{chapter.8}% 117
\BOOKMARK [0][-]{section*.57}{\376\377\000I\000n\000d\000e\000x}{}% 118
